<?xml version="1.0" encoding="UTF-8"?>
<!-- Generated by org.testng.reporters.JUnitXMLReporter -->
<testsuite hostname="Pumpkin" name="Test" tests="6" failures="0" timestamp="28 Jun 2017 04:47:35 GMT" time="37.26" errors="0">
  <testcase name="addingToDo" time="0.894" classname="TestScripts.TS_TodoTest"/>
  <testcase name="completingToDo" time="0.425" classname="TestScripts.TS_TodoTest"/>
  <testcase name="filteringCompletedToDo" time="3.62" classname="TestScripts.TS_TodoTest"/>
  <testcase name="filteringAllToDo" time="3.596" classname="TestScripts.TS_TodoTest"/>
  <testcase name="filteringActiveToDo" time="3.591" classname="TestScripts.TS_TodoTest"/>
  <testcase name="clearingCompletedToDo" time="6.934" classname="TestScripts.TS_TodoTest"/>
</testsuite> <!-- Test -->
